<?xml version="1.0" encoding="UTF-8"?>
<!-- Generated by org.testng.reporters.JUnitReportReporter -->
<testsuite hostname="LAPTOP-COQFRCSP" failures="0" tests="2" name="RealFramework.CarLoan" time="0.021" errors="0" timestamp="2023-03-04T22:54:01 IST" skipped="0">
  <testcase classname="RealFramework.CarLoan" name="Brand" time="0.018"/>
  <system-out/>
  <testcase classname="RealFramework.CarLoan" name="loginCar" time="0.003"/>
  <system-out/>
</testsuite> <!-- RealFramework.CarLoan -->
