<?xml version="1.0" encoding="UTF-8"?>
<!-- Generated by org.testng.reporters.JUnitReportReporter -->
<testsuite hostname="LAPTOP-COQFRCSP" failures="0" tests="2" name="RealFramework.PersonalLoan" time="0.006" errors="0" timestamp="2023-03-04T22:54:01 IST" skipped="0">
  <testcase classname="RealFramework.PersonalLoan" name="studentLoan" time="0.004"/>
  <system-out/>
  <testcase classname="RealFramework.PersonalLoan" name="LandLoan" time="0.002"/>
  <system-out/>
</testsuite> <!-- RealFramework.PersonalLoan -->
